<?xml version="1.0" encoding="UTF-8"?>
<!-- Generated by org.testng.reporters.JUnitReportReporter -->
<testsuite skipped="0" hostname="DESKTOP-23V34RH" name="testcases.UserLogin" tests="1" failures="0" timestamp="2021-03-15T22:41:19 EDT" time="37.545" errors="0">
  <testcase name="verifyUser2" time="37.545" classname="testcases.UserLogin"/>
  <system-out/>
</testsuite> <!-- testcases.UserLogin -->
