<?xml version="1.0" encoding="UTF-8"?>
<!-- Generated by org.testng.reporters.JUnitReportReporter -->
<testsuite skipped="0" hostname="DESKTOP-23V34RH" name="base.BaseTest" tests="1" failures="0" timestamp="4 Mar 2021 19:08:05 GMT" time="6.387" errors="0">
  <testcase name="setUp" time="6.387" classname="base.BaseTest"/>
</testsuite> <!-- base.BaseTest -->
