<?xml version="1.0" encoding="UTF-8"?>
<!-- Generated by org.testng.reporters.JUnitReportReporter -->
<testsuite skipped="0" hostname="DESKTOP-23V34RH" name="rough.TestAnnotations" tests="2" failures="0" timestamp="4 Mar 2021 19:35:32 GMT" time="0.005" errors="0">
  <testcase name="tst2" time="0.001" classname="rough.TestAnnotations"/>
  <testcase name="tst1" time="0.004" classname="rough.TestAnnotations"/>
</testsuite> <!-- rough.TestAnnotations -->
