<?xml version="1.0" encoding="UTF-8"?>
<!-- Generated by org.testng.reporters.JUnitReportReporter -->
<testsuite skipped="0" hostname="DESKTOP-23V34RH" name="testcases.UserLogin" tests="1" failures="0" timestamp="16 Mar 2021 02:42:49 GMT" time="37.170" errors="0">
  <testcase name="verifyUser2" time="37.170" classname="testcases.UserLogin"/>
</testsuite> <!-- testcases.UserLogin -->
